{"/Users/gerrie/GitHub/blocks-template/demo/examples/NewBlock.yaml": {"path":"/Users/gerrie/GitHub/blocks-template/demo/examples/NewBlock.yaml","statementMap":{"0":{"start":{"line":1,"column":0},"end":{"line":15,"column":1}}},"fnMap":{},"branchMap":{},"s":{"0":1},"f":{},"b":{},"inputSourceMap":null,"_coverageSchema":"1a1c01bbd47fc00a2c39e90264f33305004495a9","hash":"1f6d2644e171fa9777360cf253afd9b2509d50b3"}
,"/Users/gerrie/GitHub/blocks-template/src/index.js": {"path":"/Users/gerrie/GitHub/blocks-template/src/index.js","statementMap":{},"fnMap":{},"branchMap":{},"s":{},"f":{},"b":{},"_coverageSchema":"1a1c01bbd47fc00a2c39e90264f33305004495a9","hash":"711d3f113161289cb218b618b650e2afcc5331b3"}
,"/Users/gerrie/GitHub/blocks-template/src/blocks/NewBlock/NewBlock.js": {"path":"/Users/gerrie/GitHub/blocks-template/src/blocks/NewBlock/NewBlock.js","statementMap":{"0":{"start":{"line":19,"column":17},"end":{"line":21,"column":1}},"1":{"start":{"line":20,"column":2},"end":{"line":20,"column":86}}},"fnMap":{"0":{"name":"(anonymous_0)","decl":{"start":{"line":19,"column":17},"end":{"line":19,"column":18}},"loc":{"start":{"line":20,"column":2},"end":{"line":20,"column":86}},"line":20}},"branchMap":{"0":{"loc":{"start":{"line":20,"column":26},"end":{"line":20,"column":79}},"type":"binary-expr","locations":[{"start":{"line":20,"column":26},"end":{"line":20,"column":42}},{"start":{"line":20,"column":46},"end":{"line":20,"column":79}}],"line":20}},"s":{"0":1,"1":2},"f":{"0":2},"b":{"0":[2,1]},"_coverageSchema":"1a1c01bbd47fc00a2c39e90264f33305004495a9","hash":"6830e4c7f3f877fdadacbd1e3a368893a40a1fd6"}
}
